openclaw-android/app/build/intermediates/manifest_merge_blame_file/debug/processDebugMainManifest/manifest-merger-blame-debug-report.txt
1<?xml version="1.0" encoding="utf-8"?>
2<manifest xmlns:android="http://schemas.android.com/apk/res/android"
3    package="ai.openclaw.android"
4    android:versionCode="1"
5    android:versionName="0.1.0" >
6
7    <uses-sdk
8        android:minSdkVersion="26"
9        android:targetSdkVersion="34" />
10
11    <uses-permission android:name="android.permission.INTERNET" />
11-->src/main/AndroidManifest.xml:5:5-67
11-->src/main/AndroidManifest.xml:5:22-64
12    <uses-permission android:name="android.permission.ACCESS_NETWORK_STATE" />
12-->src/main/AndroidManifest.xml:6:5-79
12-->src/main/AndroidManifest.xml:6:22-76
13    <uses-permission android:name="android.permission.FOREGROUND_SERVICE" />
13-->src/main/AndroidManifest.xml:7:5-77
13-->src/main/AndroidManifest.xml:7:22-74
14    <uses-permission android:name="android.permission.FOREGROUND_SERVICE_DATA_SYNC" />
14-->src/main/AndroidManifest.xml:8:5-87
14-->src/main/AndroidManifest.xml:8:22-84
15    <uses-permission android:name="android.permission.WAKE_LOCK" />
15-->src/main/AndroidManifest.xml:9:5-68
15-->src/main/AndroidManifest.xml:9:22-65
16    <uses-permission android:name="android.permission.POST_NOTIFICATIONS" />
16-->src/main/AndroidManifest.xml:10:5-77
16-->src/main/AndroidManifest.xml:10:22-74
17
18    <permission
18-->[androidx.core:core:1.12.0] AndroidManifest.xml:22:5-24:47
19        android:name="ai.openclaw.android.DYNAMIC_RECEIVER_NOT_EXPORTED_PERMISSION"
19-->[androidx.core:core:1.12.0] AndroidManifest.xml:23:9-81
20        android:protectionLevel="signature" />
20-->[androidx.core:core:1.12.0] AndroidManifest.xml:24:9-44
21
22    <uses-permission android:name="ai.openclaw.android.DYNAMIC_RECEIVER_NOT_EXPORTED_PERMISSION" />
22-->[androidx.core:core:1.12.0] AndroidManifest.xml:26:5-97
22-->[androidx.core:core:1.12.0] AndroidManifest.xml:26:22-94
23
24    <application
24-->src/main/AndroidManifest.xml:12:5-39:19
25        android:name="ai.openclaw.android.OpenClawApplication"
25-->src/main/AndroidManifest.xml:13:9-44
26        android:allowBackup="true"
26-->src/main/AndroidManifest.xml:14:9-35
27        android:appComponentFactory="androidx.core.app.CoreComponentFactory"
27-->[androidx.core:core:1.12.0] AndroidManifest.xml:28:18-86
28        android:debuggable="true"
29        android:extractNativeLibs="false"
30        android:icon="@mipmap/ic_launcher"
30-->src/main/AndroidManifest.xml:15:9-43
31        android:label="@string/app_name"
31-->src/main/AndroidManifest.xml:16:9-41
32        android:roundIcon="@mipmap/ic_launcher_round"
32-->src/main/AndroidManifest.xml:17:9-54
33        android:supportsRtl="true"
33-->src/main/AndroidManifest.xml:18:9-35
34        android:theme="@style/Theme.OpenClaw"
34-->src/main/AndroidManifest.xml:19:9-46
35        android:usesCleartextTraffic="true" >
35-->src/main/AndroidManifest.xml:20:9-44
36        <activity
36-->src/main/AndroidManifest.xml:23:9-31:20
37            android:name="ai.openclaw.android.MainActivity"
37-->src/main/AndroidManifest.xml:24:13-41
38            android:exported="true"
38-->src/main/AndroidManifest.xml:25:13-36
39            android:theme="@style/Theme.OpenClaw" >
39-->src/main/AndroidManifest.xml:26:13-50
40            <intent-filter>
40-->src/main/AndroidManifest.xml:27:13-30:29
41                <action android:name="android.intent.action.MAIN" />
41-->src/main/AndroidManifest.xml:28:17-69
41-->src/main/AndroidManifest.xml:28:25-66
42
43                <category android:name="android.intent.category.LAUNCHER" />
43-->src/main/AndroidManifest.xml:29:17-77
43-->src/main/AndroidManifest.xml:29:27-74
44            </intent-filter>
45        </activity>
46
47        <service
47-->src/main/AndroidManifest.xml:33:9-37:56
48            android:name="ai.openclaw.android.service.GatewayService"
48-->src/main/AndroidManifest.xml:34:13-51
49            android:enabled="true"
49-->src/main/AndroidManifest.xml:35:13-35
50            android:exported="false"
50-->src/main/AndroidManifest.xml:36:13-37
51            android:foregroundServiceType="dataSync" />
51-->src/main/AndroidManifest.xml:37:13-53
52
53        <activity
53-->[androidx.compose.ui:ui-tooling-android:1.6.1] AndroidManifest.xml:23:9-25:39
54            android:name="androidx.compose.ui.tooling.PreviewActivity"
54-->[androidx.compose.ui:ui-tooling-android:1.6.1] AndroidManifest.xml:24:13-71
55            android:exported="true" />
55-->[androidx.compose.ui:ui-tooling-android:1.6.1] AndroidManifest.xml:25:13-36
56        <activity
56-->[androidx.compose.ui:ui-test-manifest:1.6.1] AndroidManifest.xml:23:9-25:39
57            android:name="androidx.activity.ComponentActivity"
57-->[androidx.compose.ui:ui-test-manifest:1.6.1] AndroidManifest.xml:24:13-63
58            android:exported="true" />
58-->[androidx.compose.ui:ui-test-manifest:1.6.1] AndroidManifest.xml:25:13-36
59
60        <provider
60-->[androidx.emoji2:emoji2:1.3.0] AndroidManifest.xml:24:9-32:20
61            android:name="androidx.startup.InitializationProvider"
61-->[androidx.emoji2:emoji2:1.3.0] AndroidManifest.xml:25:13-67
62            android:authorities="ai.openclaw.android.androidx-startup"
62-->[androidx.emoji2:emoji2:1.3.0] AndroidManifest.xml:26:13-68
63            android:exported="false" >
63-->[androidx.emoji2:emoji2:1.3.0] AndroidManifest.xml:27:13-37
64            <meta-data
64-->[androidx.emoji2:emoji2:1.3.0] AndroidManifest.xml:29:13-31:52
65                android:name="androidx.emoji2.text.EmojiCompatInitializer"
65-->[androidx.emoji2:emoji2:1.3.0] AndroidManifest.xml:30:17-75
66                android:value="androidx.startup" />
66-->[androidx.emoji2:emoji2:1.3.0] AndroidManifest.xml:31:17-49
67            <meta-data
67-->[androidx.lifecycle:lifecycle-process:2.7.0] AndroidManifest.xml:29:13-31:52
68                android:name="androidx.lifecycle.ProcessLifecycleInitializer"
68-->[androidx.lifecycle:lifecycle-process:2.7.0] AndroidManifest.xml:30:17-78
69                android:value="androidx.startup" />
69-->[androidx.lifecycle:lifecycle-process:2.7.0] AndroidManifest.xml:31:17-49
70            <meta-data
70-->[androidx.profileinstaller:profileinstaller:1.3.0] AndroidManifest.xml:29:13-31:52
71                android:name="androidx.profileinstaller.ProfileInstallerInitializer"
71-->[androidx.profileinstaller:profileinstaller:1.3.0] AndroidManifest.xml:30:17-85
72                android:value="androidx.startup" />
72-->[androidx.profileinstaller:profileinstaller:1.3.0] AndroidManifest.xml:31:17-49
73        </provider>
74
75        <service
75-->[androidx.room:room-runtime:2.6.1] AndroidManifest.xml:24:9-28:63
76            android:name="androidx.room.MultiInstanceInvalidationService"
76-->[androidx.room:room-runtime:2.6.1] AndroidManifest.xml:25:13-74
77            android:directBootAware="true"
77-->[androidx.room:room-runtime:2.6.1] AndroidManifest.xml:26:13-43
78            android:exported="false" />
78-->[androidx.room:room-runtime:2.6.1] AndroidManifest.xml:27:13-37
79
80        <receiver
80-->[androidx.profileinstaller:profileinstaller:1.3.0] AndroidManifest.xml:34:9-52:20
81            android:name="androidx.profileinstaller.ProfileInstallReceiver"
81-->[androidx.profileinstaller:profileinstaller:1.3.0] AndroidManifest.xml:35:13-76
82            android:directBootAware="false"
82-->[androidx.profileinstaller:profileinstaller:1.3.0] AndroidManifest.xml:36:13-44
83            android:enabled="true"
83-->[androidx.profileinstaller:profileinstaller:1.3.0] AndroidManifest.xml:37:13-35
84            android:exported="true"
84-->[androidx.profileinstaller:profileinstaller:1.3.0] AndroidManifest.xml:38:13-36
85            android:permission="android.permission.DUMP" >
85-->[androidx.profileinstaller:profileinstaller:1.3.0] AndroidManifest.xml:39:13-57
86            <intent-filter>
86-->[androidx.profileinstaller:profileinstaller:1.3.0] AndroidManifest.xml:40:13-42:29
87                <action android:name="androidx.profileinstaller.action.INSTALL_PROFILE" />
87-->[androidx.profileinstaller:profileinstaller:1.3.0] AndroidManifest.xml:41:17-91
87-->[androidx.profileinstaller:profileinstaller:1.3.0] AndroidManifest.xml:41:25-88
88            </intent-filter>
89            <intent-filter>
89-->[androidx.profileinstaller:profileinstaller:1.3.0] AndroidManifest.xml:43:13-45:29
90                <action android:name="androidx.profileinstaller.action.SKIP_FILE" />
90-->[androidx.profileinstaller:profileinstaller:1.3.0] AndroidManifest.xml:44:17-85
90-->[androidx.profileinstaller:profileinstaller:1.3.0] AndroidManifest.xml:44:25-82
91            </intent-filter>
92            <intent-filter>
92-->[androidx.profileinstaller:profileinstaller:1.3.0] AndroidManifest.xml:46:13-48:29
93                <action android:name="androidx.profileinstaller.action.SAVE_PROFILE" />
93-->[androidx.profileinstaller:profileinstaller:1.3.0] AndroidManifest.xml:47:17-88
93-->[androidx.profileinstaller:profileinstaller:1.3.0] AndroidManifest.xml:47:25-85
94            </intent-filter>
95            <intent-filter>
95-->[androidx.profileinstaller:profileinstaller:1.3.0] AndroidManifest.xml:49:13-51:29
96                <action android:name="androidx.profileinstaller.action.BENCHMARK_OPERATION" />
96-->[androidx.profileinstaller:profileinstaller:1.3.0] AndroidManifest.xml:50:17-95
96-->[androidx.profileinstaller:profileinstaller:1.3.0] AndroidManifest.xml:50:25-92
97            </intent-filter>
98        </receiver>
99    </application>
100
101</manifest>